# JRE version: Java(TM) SE Runtime Environment (21.0+35) (build 21+35-LTS-2513)
# Java VM: Java HotSpot(TM) 64-Bit Server VM (21+35-LTS-2513, mixed mode, emulated-client, sharing, tiered, compressed oops, compressed class ptrs, g1 gc, windows-amd64)
GC Precious Log:
 CardTable entry size: 512
 Card Set container configuration: InlinePtr #cards 4 size 8 Array Of Cards #cards 16 size 48 Howl #buckets 8 coarsen threshold 3686 Howl Bitmap #cards 512 size 80 coarsen threshold 460 Card regions per heap region 1 cards per card region 4096
 CPUs: 12 total, 12 available
 Memory: 15867M
 Large Page Support: Disabled
 NUMA Support: Disabled
 Compressed Oops: Enabled (Zero based)
 Heap Region Size: 2M
 Heap Min Capacity: 8M
 Heap Initial Capacity: 248M
 Heap Max Capacity: 3968M
 Pre-touch: Disabled
 Parallel Workers: 10
 Concurrent Workers: 3
 Concurrent Refinement Workers: 10
 Periodic GC: Disabled
Heap:
 garbage-first heap   total 129024K, used 34126K [0x0000000708000000, 0x0000000800000000)
  region size 2048K, 1 young (2048K), 1 survivors (2048K)
 Metaspace       used 70138K, committed 71296K, reserved 1114112K
  class space    used 10316K, committed 10752K, reserved 1048576K
GC Heap History (20 events):
Event: 228.138 GC heap after
{Heap after GC invocations=63 (full 0):
 garbage-first heap   total 129024K, used 34568K [0x0000000708000000, 0x0000000800000000)
  region size 2048K, 1 young (2048K), 1 survivors (2048K)
 Metaspace       used 70137K, committed 71296K, reserved 1114112K
  class space    used 10315K, committed 10752K, reserved 1048576K
}
Event: 230.583 GC heap before
{Heap before GC invocations=63 (full 0):
 garbage-first heap   total 129024K, used 108296K [0x0000000708000000, 0x0000000800000000)
  region size 2048K, 37 young (75776K), 1 survivors (2048K)
 Metaspace       used 70137K, committed 71296K, reserved 1114112K
  class space    used 10315K, committed 10752K, reserved 1048576K
}
Event: 230.587 GC heap after
{Heap after GC invocations=64 (full 0):
 garbage-first heap   total 129024K, used 34574K [0x0000000708000000, 0x0000000800000000)
  region size 2048K, 1 young (2048K), 1 survivors (2048K)
 Metaspace       used 70137K, committed 71296K, reserved 1114112K
  class space    used 10315K, committed 10752K, reserved 1048576K
}
Event: 233.682 GC heap before
{Heap before GC invocations=65 (full 0):
 garbage-first heap   total 129024K, used 108302K [0x0000000708000000, 0x0000000800000000)
  region size 2048K, 37 young (75776K), 1 survivors (2048K)
 Metaspace       used 70137K, committed 71296K, reserved 1114112K
  class space    used 10315K, committed 10752K, reserved 1048576K
}
Event: 233.686 GC heap after
{Heap after GC invocations=66 (full 0):
 garbage-first heap   total 129024K, used 34576K [0x0000000708000000, 0x0000000800000000)
  region size 2048K, 1 young (2048K), 1 survivors (2048K)
 Metaspace       used 70137K, committed 71296K, reserved 1114112K
  class space    used 10315K, committed 10752K, reserved 1048576K
}
Event: 243.114 GC heap before
{Heap before GC invocations=66 (full 0):
 garbage-first heap   total 129024K, used 108304K [0x0000000708000000, 0x0000000800000000)
  region size 2048K, 37 young (75776K), 1 survivors (2048K)
 Metaspace       used 70137K, committed 71296K, reserved 1114112K
  class space    used 10315K, committed 10752K, reserved 1048576K
}
Event: 243.118 GC heap after
{Heap after GC invocations=67 (full 0):
 garbage-first heap   total 129024K, used 34341K [0x0000000708000000, 0x0000000800000000)
  region size 2048K, 1 young (2048K), 1 survivors (2048K)
 Metaspace       used 70137K, committed 71296K, reserved 1114112K
  class space    used 10315K, committed 10752K, reserved 1048576K
}
Event: 280.595 GC heap before
{Heap before GC invocations=67 (full 0):
 garbage-first heap   total 129024K, used 108069K [0x0000000708000000, 0x0000000800000000)
  region size 2048K, 37 young (75776K), 1 survivors (2048K)
 Metaspace       used 70137K, committed 71296K, reserved 1114112K
  class space    used 10315K, committed 10752K, reserved 1048576K
}
Event: 280.600 GC heap after
{Heap after GC invocations=68 (full 0):
 garbage-first heap   total 129024K, used 34329K [0x0000000708000000, 0x0000000800000000)
  region size 2048K, 1 young (2048K), 1 survivors (2048K)
 Metaspace       used 70137K, committed 71296K, reserved 1114112K
  class space    used 10315K, committed 10752K, reserved 1048576K
}
Event: 302.457 GC heap before
{Heap before GC invocations=69 (full 0):
 garbage-first heap   total 129024K, used 108057K [0x0000000708000000, 0x0000000800000000)
  region size 2048K, 37 young (75776K), 1 survivors (2048K)
 Metaspace       used 70138K, committed 71296K, reserved 1114112K
  class space    used 10316K, committed 10752K, reserved 1048576K
}
Event: 302.459 GC heap after
{Heap after GC invocations=70 (full 0):
 garbage-first heap   total 129024K, used 34331K [0x0000000708000000, 0x0000000800000000)
  region size 2048K, 1 young (2048K), 1 survivors (2048K)
 Metaspace       used 70138K, committed 71296K, reserved 1114112K
  class space    used 10316K, committed 10752K, reserved 1048576K
}
Event: 309.549 GC heap before
{Heap before GC invocations=70 (full 0):
 garbage-first heap   total 129024K, used 108059K [0x0000000708000000, 0x0000000800000000)
  region size 2048K, 37 young (75776K), 1 survivors (2048K)
 Metaspace       used 70138K, committed 71296K, reserved 1114112K
  class space    used 10316K, committed 10752K, reserved 1048576K
}
Event: 309.554 GC heap after
{Heap after GC invocations=71 (full 0):
 garbage-first heap   total 129024K, used 34104K [0x0000000708000000, 0x0000000800000000)
  region size 2048K, 1 young (2048K), 1 survivors (2048K)
 Metaspace       used 70138K, committed 71296K, reserved 1114112K
  class space    used 10316K, committed 10752K, reserved 1048576K
}
Event: 326.799 GC heap before
{Heap before GC invocations=71 (full 0):
 garbage-first heap   total 129024K, used 107832K [0x0000000708000000, 0x0000000800000000)
  region size 2048K, 37 young (75776K), 1 survivors (2048K)
 Metaspace       used 70138K, committed 71296K, reserved 1114112K
  class space    used 10316K, committed 10752K, reserved 1048576K
}
Event: 326.801 GC heap after
{Heap after GC invocations=72 (full 0):
 garbage-first heap   total 129024K, used 34094K [0x0000000708000000, 0x0000000800000000)
  region size 2048K, 1 young (2048K), 1 survivors (2048K)
 Metaspace       used 70138K, committed 71296K, reserved 1114112K
  class space    used 10316K, committed 10752K, reserved 1048576K
}
Event: 356.587 GC heap before
{Heap before GC invocations=73 (full 0):
 garbage-first heap   total 129024K, used 107822K [0x0000000708000000, 0x0000000800000000)
  region size 2048K, 37 young (75776K), 1 survivors (2048K)
 Metaspace       used 70138K, committed 71296K, reserved 1114112K
  class space    used 10316K, committed 10752K, reserved 1048576K
}
Event: 356.588 GC heap after
{Heap after GC invocations=74 (full 0):
 garbage-first heap   total 129024K, used 34126K [0x0000000708000000, 0x0000000800000000)
  region size 2048K, 1 young (2048K), 1 survivors (2048K)
 Metaspace       used 70138K, committed 71296K, reserved 1114112K
  class space    used 10316K, committed 10752K, reserved 1048576K
}
Event: 373.390 GC heap before
{Heap before GC invocations=74 (full 0):
 garbage-first heap   total 129024K, used 107854K [0x0000000708000000, 0x0000000800000000)
  region size 2048K, 37 young (75776K), 1 survivors (2048K)
 Metaspace       used 70138K, committed 71296K, reserved 1114112K
  class space    used 10316K, committed 10752K, reserved 1048576K
}
Event: 373.392 GC heap after
{Heap after GC invocations=75 (full 0):
 garbage-first heap   total 129024K, used 34145K [0x0000000708000000, 0x0000000800000000)
  region size 2048K, 1 young (2048K), 1 survivors (2048K)
 Metaspace       used 70138K, committed 71296K, reserved 1114112K
  class space    used 10316K, committed 10752K, reserved 1048576K
}
Event: 402.653 GC heap before
{Heap before GC invocations=76 (full 0):
 garbage-first heap   total 129024K, used 107873K [0x0000000708000000, 0x0000000800000000)
  region size 2048K, 37 young (75776K), 1 survivors (2048K)
 Metaspace       used 70138K, committed 71296K, reserved 1114112K
  class space    used 10316K, committed 10752K, reserved 1048576K
}

